c:\users\tianran\desktop\bbcrash_project\crash_main\debug\crash_main.pch
c:\users\tianran\desktop\bbcrash_project\crash_main\debug\vc140.pdb
c:\users\tianran\desktop\bbcrash_project\crash_main\debug\vc140.idb
c:\users\tianran\desktop\bbcrash_project\crash_main\debug\stdafx.obj
c:\users\tianran\desktop\bbcrash_project\crash_main\debug\crash_main.obj
c:\users\tianran\desktop\bbcrash_project\crash_main\debug\crash_main.res
c:\users\tianran\desktop\bbcrash_project\crash_main\debug\crash_main.vcxprojresolveassemblyreference.cache
c:\users\tianran\desktop\bbcrash_project\debug\crash_main.pdb
c:\users\tianran\desktop\bbcrash_project\crash_main\debug\crash_main.tlog\cl.command.1.tlog
c:\users\tianran\desktop\bbcrash_project\crash_main\debug\crash_main.tlog\cl.read.1.tlog
c:\users\tianran\desktop\bbcrash_project\crash_main\debug\crash_main.tlog\cl.write.1.tlog
c:\users\tianran\desktop\bbcrash_project\crash_main\debug\crash_main.tlog\link-cvtres.read.1.tlog
c:\users\tianran\desktop\bbcrash_project\crash_main\debug\crash_main.tlog\link-cvtres.write.1.tlog
c:\users\tianran\desktop\bbcrash_project\crash_main\debug\crash_main.tlog\link-rc.read.1.tlog
c:\users\tianran\desktop\bbcrash_project\crash_main\debug\crash_main.tlog\link-rc.write.1.tlog
c:\users\tianran\desktop\bbcrash_project\crash_main\debug\crash_main.tlog\link.12240-cvtres.read.1.tlog
c:\users\tianran\desktop\bbcrash_project\crash_main\debug\crash_main.tlog\link.12240-cvtres.write.1.tlog
c:\users\tianran\desktop\bbcrash_project\crash_main\debug\crash_main.tlog\link.12240-rc.read.1.tlog
c:\users\tianran\desktop\bbcrash_project\crash_main\debug\crash_main.tlog\link.12240-rc.write.1.tlog
c:\users\tianran\desktop\bbcrash_project\crash_main\debug\crash_main.tlog\link.12240.read.1.tlog
c:\users\tianran\desktop\bbcrash_project\crash_main\debug\crash_main.tlog\link.12240.write.1.tlog
c:\users\tianran\desktop\bbcrash_project\crash_main\debug\crash_main.tlog\link.command.1.tlog
c:\users\tianran\desktop\bbcrash_project\crash_main\debug\crash_main.tlog\link.read.1.tlog
c:\users\tianran\desktop\bbcrash_project\crash_main\debug\crash_main.tlog\link.write.1.tlog
c:\users\tianran\desktop\bbcrash_project\crash_main\debug\crash_main.tlog\rc.command.1.tlog
c:\users\tianran\desktop\bbcrash_project\crash_main\debug\crash_main.tlog\rc.read.1.tlog
c:\users\tianran\desktop\bbcrash_project\crash_main\debug\crash_main.tlog\rc.write.1.tlog
