c:\users\tianran\desktop\bbcrash_project\bb_crash\debug\bb_crash.pch
c:\users\tianran\desktop\bbcrash_project\bb_crash\debug\bb_crash.pdb
c:\users\tianran\desktop\bbcrash_project\bb_crash\debug\bb_crash.idb
c:\users\tianran\desktop\bbcrash_project\bb_crash\debug\stdafx.obj
c:\users\tianran\desktop\bbcrash_project\bb_crash\debug\game.obj
c:\users\tianran\desktop\bbcrash_project\bb_crash\debug\gameclock.obj
c:\users\tianran\desktop\bbcrash_project\bb_crash\debug\gamegraphics.obj
c:\users\tianran\desktop\bbcrash_project\bb_crash\debug\gamegui.obj
c:\users\tianran\desktop\bbcrash_project\bb_crash\debug\gameinput.obj
c:\users\tianran\desktop\bbcrash_project\bb_crash\debug\gameresources.obj
c:\users\tianran\desktop\bbcrash_project\bb_crash\debug\gamestatemanager.obj
c:\users\tianran\desktop\bbcrash_project\bb_crash\debug\gametext.obj
c:\users\tianran\desktop\bbcrash_project\bb_crash\debug\renderlist.obj
c:\users\tianran\desktop\bbcrash_project\bb_crash\debug\screengui.obj
c:\users\tianran\desktop\bbcrash_project\bb_crash\debug\sparselayer.obj
c:\users\tianran\desktop\bbcrash_project\bb_crash\debug\textfilereader.obj
c:\users\tianran\desktop\bbcrash_project\bb_crash\debug\textfilewriter.obj
c:\users\tianran\desktop\bbcrash_project\bb_crash\debug\texturemanager.obj
c:\users\tianran\desktop\bbcrash_project\bb_crash\debug\tiledlayer.obj
c:\users\tianran\desktop\bbcrash_project\bb_crash\debug\viewport.obj
c:\users\tianran\desktop\bbcrash_project\bb_crash\debug\windowsinput.obj
c:\users\tianran\desktop\bbcrash_project\bb_crash\debug\windowsos.obj
c:\users\tianran\desktop\bbcrash_project\bb_crash\debug\world.obj
c:\users\tianran\desktop\bbcrash_project\bb_crash\debug\wstringtable.obj
c:\users\tianran\desktop\bbcrash_project\bb_crash\debug\bbengineconfigimporter.obj
c:\users\tianran\desktop\bbcrash_project\bb_crash\debug\button.obj
c:\users\tianran\desktop\bbcrash_project\bb_crash\debug\cursor.obj
c:\users\tianran\desktop\bbcrash_project\bb_crash\debug\directxtexturemanager.obj
c:\users\tianran\desktop\bbcrash_project\bb_crash\debug\bb_crash.tlog\cl.command.1.tlog
c:\users\tianran\desktop\bbcrash_project\bb_crash\debug\bb_crash.tlog\cl.read.1.tlog
c:\users\tianran\desktop\bbcrash_project\bb_crash\debug\bb_crash.tlog\cl.write.1.tlog
